<?xml version="1.0" encoding="UTF-8"?>
<!-- Generated by org.testng.reporters.JUnitXMLReporter -->
<testsuite hostname="DESKTOP-O2AIMQJ" ignored="2" name="Amazon Automation Test" tests="1" failures="1" timestamp="2021-09-19T22:13:11 CEST" time="83.197" errors="0">
  <testcase name="testCase3" time="73.98" classname="com.amazon.test.AmazonAssignmentTest">
    <failure type="java.lang.IndexOutOfBoundsException" message="Index: 0, Size: 0">
      <![CDATA[java.lang.IndexOutOfBoundsException: Index: 0, Size: 0
at java.util.ArrayList.rangeCheck(Unknown Source)
at java.util.ArrayList.get(Unknown Source)
at com.amazon.pageObjects.AppleWatchesResultPage.print5thFromProductList(AppleWatchesResultPage.java:69)
at com.amazon.test.AmazonAssignmentTest.testCase3(AmazonAssignmentTest.java:61)
at java.util.ArrayList.forEach(Unknown Source)
... Removed 27 stack frames]]>
    </failure>
  </testcase> <!-- testCase3 -->
  <testcase name="testCase2" time="0.0" classname="com.amazon.test.AmazonAssignmentTest">
    <ignored/>
  </testcase> <!-- testCase2 -->
  <testcase name="testCase1" time="0.0" classname="com.amazon.test.AmazonAssignmentTest">
    <ignored/>
  </testcase> <!-- testCase1 -->
</testsuite> <!-- Amazon Automation Test -->
